<?xml version="1.0" encoding="UTF-8"?>
<!-- Generated by org.testng.reporters.JUnitXMLReporter -->
<testsuite ignored="0" hostname="VIRUS" failures="0" tests="4" name="Default test" time="10.186" errors="0" timestamp="2025-01-19T02:27:34 EET">
  <testcase classname="MyPackage.MyTestCases" name="AddNewCustomer" time="0.015"/>
  <testcase classname="MyPackage.MyTestCases" name="UpdateCustomerInfo" time="0.004"/>
  <testcase classname="MyPackage.MyTestCases" name="ReadTheUpdatedData" time="7.423"/>
  <testcase classname="MyPackage.MyTestCases" name="DeleteCustomer" time="0.006"/>
</testsuite> <!-- Default test -->
